libraryedittextvalidator/build/outputs/logs/manifest-merger-debug-report.txt
-- Merging decision tree log ---
manifest
ADDED from libraryedittextvalidator\AndroidManifest.xml:2:1-10:12
INJECTED from libraryedittextvalidator\AndroidManifest.xml:2:1-10:12
INJECTED from libraryedittextvalidator\AndroidManifest.xml:2:1-10:12
INJECTED from libraryedittextvalidator\AndroidManifest.xml:2:1-10:12
INJECTED from libraryedittextvalidator\AndroidManifest.xml:2:1-10:12
INJECTED from libraryedittextvalidator\AndroidManifest.xml:2:1-10:12
INJECTED from libraryedittextvalidator\AndroidManifest.xml:2:1-10:12
	package
		ADDED from libraryedittextvalidator\AndroidManifest.xml:3:5-45
		INJECTED from libraryedittextvalidator\AndroidManifest.xml
		INJECTED from libraryedittextvalidator\AndroidManifest.xml
	android:versionName
		ADDED from libraryedittextvalidator\AndroidManifest.xml:5:5-30
		INJECTED from libraryedittextvalidator\AndroidManifest.xml
		INJECTED from libraryedittextvalidator\AndroidManifest.xml
	xmlns:android
		ADDED from libraryedittextvalidator\AndroidManifest.xml:2:11-69
	android:versionCode
		ADDED from libraryedittextvalidator\AndroidManifest.xml:4:5-28
		INJECTED from libraryedittextvalidator\AndroidManifest.xml
		INJECTED from libraryedittextvalidator\AndroidManifest.xml
uses-sdk
ADDED from libraryedittextvalidator\AndroidManifest.xml:7:5-43
INJECTED from libraryedittextvalidator\AndroidManifest.xml:7:5-43
INJECTED from libraryedittextvalidator\AndroidManifest.xml:7:5-43
INJECTED from libraryedittextvalidator\AndroidManifest.xml:7:5-43
INJECTED from libraryedittextvalidator\AndroidManifest.xml:7:5-43
	android:targetSdkVersion
		INJECTED from libraryedittextvalidator\AndroidManifest.xml
		ADDED from libraryedittextvalidator\AndroidManifest.xml:7:5-43
		INJECTED from libraryedittextvalidator\AndroidManifest.xml
	android:minSdkVersion
		ADDED from libraryedittextvalidator\AndroidManifest.xml:7:15-40
		INJECTED from libraryedittextvalidator\AndroidManifest.xml
		INJECTED from libraryedittextvalidator\AndroidManifest.xml
application
ADDED from libraryedittextvalidator\AndroidManifest.xml:8:5-32